Arguments: 
  /usr/bin/node /usr/bin/yarn

PATH: 
  /usr/local/sbin:/usr/local/sbin:/usr/local/bin:/usr/bin:/usr/lib/jvm/default/bin:/usr/bin/site_perl:/usr/bin/vendor_perl:/usr/bin/core_perl:/home/dominic/.cargo/bin/:/home/dominic/.yarn/bin:/home/dominic/bin:/home/dominic/.fzf/bin:/home/dominic/.cargo/bin/:/home/dominic/.yarn/bin:/home/dominic/bin

Yarn version: 
  1.2.1

Node version: 
  10.1.0

Platform: 
  linux x64

npm manifest: 
  {
    "name": "fh-stundenplan-web-app",
    "flat": true,
    "version": "1.0.0",
    "main": "index.html",
    "keywords": [
      "polymer v3",
      "fh-dortmund"
    ],
    "author": "Dominic Wrege",
    "license": "ISC",
    "dependencies": {
      "@material/mwc-button": "^0.1.1",
      "@polymer/app-layout": "^3.0.0-pre.1",
      "@polymer/iron-label": "^3.0.0-pre.1",
      "@polymer/iron-list": "^3.0.0-pre.1",
      "@polymer/iron-pages": "^3.0.0-pre.1",
      "@polymer/lit-element": "^0.5.1",
      "@polymer/neon-animation": "^3.0.0-pre.1",
      "@polymer/paper-button": "^3.0.0-pre.1",
      "@polymer/paper-checkbox": "^3.0.0-pre.1",
      "@polymer/paper-dropdown-menu": "^3.0.0-pre.1",
      "@polymer/paper-fab": "^3.0.0-pre.1",
      "@polymer/paper-icon-button": "^3.0.0-pre.1",
      "@polymer/paper-item": "^3.0.0-pre.1",
      "@polymer/paper-listbox": "^3.0.0-pre.1",
      "@polymer/paper-material": "^3.0.0-pre.1",
      "@polymer/paper-tabs": "^3.0.0-pre.1",
      "@polymer/paper-toast": "^3.0.0-pre.1",
      "@polymer/paper-toggle-button": "^3.0.0-pre.1",
      "@polymer/polymer": "^3.0.0-pre.1",
      "@webcomponents/webcomponentsjs": "^2.0.0",
    },
    "bugs": {
      "url": "https://github.com/DominicWrege/FH-Stundenplan-Web-App/issues"
    },
    "scripts": {
      "build-csp": "./buildcsp.sh"
    },
    "homepage": "https://github.com/DominicWrege/FH-Stundenplan-Web-App#readme",
    "devDependencies": {
      "crisper": "^2.1.1",
      "polymer-cli": "^1.7.1",
      "typescript": "^2.8.3"
    }
  }

yarn manifest: 
  No manifest

Lockfile: 
  # THIS IS AN AUTOGENERATED FILE. DO NOT EDIT THIS FILE DIRECTLY.
  # yarn lockfile v1
  
  
  "@polymer/app-layout@^3.0.0-pre.1":
    version "3.0.0-pre.19"
    resolved "https://registry.yarnpkg.com/@polymer/app-layout/-/app-layout-3.0.0-pre.19.tgz#76b0ace980fa3033ffa4810b931a58d29fc48b33"
    dependencies:
      "@polymer/iron-flex-layout" "^3.0.0-pre.19"
      "@polymer/iron-media-query" "^3.0.0-pre.19"
      "@polymer/iron-resizable-behavior" "^3.0.0-pre.19"
      "@polymer/iron-scroll-target-behavior" "^3.0.0-pre.19"
      "@polymer/polymer" "^3.0.0"
  
  "@polymer/font-roboto@^3.0.0-pre.19":
    version "3.0.0-pre.19"
    resolved "https://registry.yarnpkg.com/@polymer/font-roboto/-/font-roboto-3.0.0-pre.19.tgz#d67384a000eebb2632c00c268182a8528aca4a7c"
  
  "@polymer/iron-a11y-announcer@^3.0.0-pre.19":
    version "3.0.0-pre.19"
    resolved "https://registry.yarnpkg.com/@polymer/iron-a11y-announcer/-/iron-a11y-announcer-3.0.0-pre.19.tgz#6a3b724df1e1cfda6f1270c359136d3e55ed7363"
    dependencies:
      "@polymer/polymer" "^3.0.0"
  
  "@polymer/iron-a11y-keys-behavior@^3.0.0-pre.19":
    version "3.0.0-pre.19"
    resolved "https://registry.yarnpkg.com/@polymer/iron-a11y-keys-behavior/-/iron-a11y-keys-behavior-3.0.0-pre.19.tgz#4a335111c773af9c4376237be483ee196ab2d966"
    dependencies:
      "@polymer/polymer" "^3.0.0"
  
  "@polymer/iron-ajax@^3.0.0-pre.1":
    version "3.0.0-pre.19"
    resolved "https://registry.yarnpkg.com/@polymer/iron-ajax/-/iron-ajax-3.0.0-pre.19.tgz#da36f24a67f609d741a7827e13b2789c81d8c8eb"
    dependencies:
      "@polymer/polymer" "^3.0.0"
  
  "@polymer/iron-autogrow-textarea@^3.0.0-pre.19":
    version "3.0.0-pre.19"
    resolved "https://registry.yarnpkg.com/@polymer/iron-autogrow-textarea/-/iron-autogrow-textarea-3.0.0-pre.19.tgz#968f421aafd098fd29167423b893427b63d9ac21"
    dependencies:
      "@polymer/iron-behaviors" "^3.0.0-pre.19"
      "@polymer/iron-flex-layout" "^3.0.0-pre.19"
      "@polymer/iron-validatable-behavior" "^3.0.0-pre.19"
      "@polymer/polymer" "^3.0.0"
  
  "@polymer/iron-behaviors@^3.0.0-pre.19":
    version "3.0.0-pre.19"
    resolved "https://registry.yarnpkg.com/@polymer/iron-behaviors/-/iron-behaviors-3.0.0-pre.19.tgz#0f44cf7068f9d581b896980f18556706ea0c6eaa"
    dependencies:
      "@polymer/iron-a11y-keys-behavior" "^3.0.0-pre.19"
      "@polymer/polymer" "^3.0.0"
  
  "@polymer/iron-checked-element-behavior@^3.0.0-pre.19":
    version "3.0.0-pre.19"
    resolved "https://registry.yarnpkg.com/@polymer/iron-checked-element-behavior/-/iron-checked-element-behavior-3.0.0-pre.19.tgz#c79c8529c7bddf8b3fc5da1e81c938a286e424aa"
    dependencies:
      "@polymer/iron-form-element-behavior" "^3.0.0-pre.19"
      "@polymer/iron-validatable-behavior" "^3.0.0-pre.19"
      "@polymer/polymer" "^3.0.0"
  
  "@polymer/iron-dropdown@^3.0.0-pre.19":
    version "3.0.0-pre.19"
    resolved "https://registry.yarnpkg.com/@polymer/iron-dropdown/-/iron-dropdown-3.0.0-pre.19.tgz#3eba81167782e6b05d9897467f75b52a8e9dd5e1"
    dependencies:
      "@polymer/iron-behaviors" "^3.0.0-pre.19"
      "@polymer/iron-overlay-behavior" "^3.0.0-pre.19"
      "@polymer/neon-animation" "^3.0.0-pre.19"
      "@polymer/polymer" "^3.0.0"
  
  "@polymer/iron-fit-behavior@^3.0.0-pre.19":
    version "3.0.0-pre.19"
    resolved "https://registry.yarnpkg.com/@polymer/iron-fit-behavior/-/iron-fit-behavior-3.0.0-pre.19.tgz#db53546ccd0a9f2861326ff4a2f15387a648f796"
    dependencies:
      "@polymer/polymer" "^3.0.0"
  
  "@polymer/iron-flex-layout@^3.0.0-pre.19":
    version "3.0.0-pre.19"
    resolved "https://registry.yarnpkg.com/@polymer/iron-flex-layout/-/iron-flex-layout-3.0.0-pre.19.tgz#35f633ab4d4e14e44650722729128e4f5968c1e9"
    dependencies:
      "@polymer/polymer" "^3.0.0"
  
  "@polymer/iron-form-element-behavior@^3.0.0-pre.19":
    version "3.0.0-pre.19"
    resolved "https://registry.yarnpkg.com/@polymer/iron-form-element-behavior/-/iron-form-element-behavior-3.0.0-pre.19.tgz#0fee7892af6a79cea7ef7ef1c7f738ac9f916ec6"
    dependencies:
      "@polymer/polymer" "^3.0.0"
  
  "@polymer/iron-icon@^3.0.0-pre.19":
    version "3.0.0-pre.19"
    resolved "https://registry.yarnpkg.com/@polymer/iron-icon/-/iron-icon-3.0.0-pre.19.tgz#8fd150463a36d3851b2b71802ebc22d48dbfa340"
    dependencies:
      "@polymer/iron-flex-layout" "^3.0.0-pre.19"
      "@polymer/iron-meta" "^3.0.0-pre.19"
      "@polymer/polymer" "^3.0.0"
  
  "@polymer/iron-iconset-svg@^3.0.0-pre.19":
    version "3.0.0-pre.19"
    resolved "https://registry.yarnpkg.com/@polymer/iron-iconset-svg/-/iron-iconset-svg-3.0.0-pre.19.tgz#9badb0df72ade7f011e60917ef3274019006cfd0"
    dependencies:
      "@polymer/iron-meta" "^3.0.0-pre.19"
      "@polymer/polymer" "^3.0.0"
  
  "@polymer/iron-input@^3.0.0-pre.19":
    version "3.0.0-pre.19"
    resolved "https://registry.yarnpkg.com/@polymer/iron-input/-/iron-input-3.0.0-pre.19.tgz#4bcac205f927495d775a44e628013bb76ff78706"
    dependencies:
      "@polymer/iron-a11y-announcer" "^3.0.0-pre.19"
      "@polymer/iron-validatable-behavior" "^3.0.0-pre.19"
      "@polymer/polymer" "^3.0.0"
  
  "@polymer/iron-label@^3.0.0-pre.1":
    version "3.0.0-pre.19"
    resolved "https://registry.yarnpkg.com/@polymer/iron-label/-/iron-label-3.0.0-pre.19.tgz#1c9157a72af3f5d29eaf68c0dda9443fc83f6f90"
    dependencies:
      "@polymer/polymer" "^3.0.0"
  
  "@polymer/iron-list@^3.0.0-pre.1":
    version "3.0.0-pre.19"
    resolved "https://registry.yarnpkg.com/@polymer/iron-list/-/iron-list-3.0.0-pre.19.tgz#0ba38b663dd3649a9d5e5660af465d2ce9ecaf02"
    dependencies:
      "@polymer/iron-a11y-keys-behavior" "^3.0.0-pre.19"
      "@polymer/iron-resizable-behavior" "^3.0.0-pre.19"
      "@polymer/iron-scroll-target-behavior" "^3.0.0-pre.19"
      "@polymer/polymer" "^3.0.0"
  
  "@polymer/iron-media-query@^3.0.0-pre.19":
    version "3.0.0-pre.19"
    resolved "https://registry.yarnpkg.com/@polymer/iron-media-query/-/iron-media-query-3.0.0-pre.19.tgz#f98271a879ead7aa6c37f7da6231b38c8f41deca"
    dependencies:
      "@polymer/polymer" "^3.0.0"
  
  "@polymer/iron-menu-behavior@^3.0.0-pre.19":
    version "3.0.0-pre.19"
    resolved "https://registry.yarnpkg.com/@polymer/iron-menu-behavior/-/iron-menu-behavior-3.0.0-pre.19.tgz#16f841d3a4be8df1e502d5d2ca2831b77dd598e4"
    dependencies:
      "@polymer/iron-a11y-keys-behavior" "^3.0.0-pre.19"
      "@polymer/iron-flex-layout" "^3.0.0-pre.19"
      "@polymer/iron-selector" "^3.0.0-pre.19"
      "@polymer/polymer" "^3.0.0"
  
  "@polymer/iron-meta@^3.0.0-pre.19":
    version "3.0.0-pre.19"
    resolved "https://registry.yarnpkg.com/@polymer/iron-meta/-/iron-meta-3.0.0-pre.19.tgz#c4a70c235b87679f3487429ca69e071aacc3d002"
    dependencies:
      "@polymer/polymer" "^3.0.0"
  
  "@polymer/iron-overlay-behavior@^3.0.0-pre.19":
    version "3.0.0-pre.19"
    resolved "https://registry.yarnpkg.com/@polymer/iron-overlay-behavior/-/iron-overlay-behavior-3.0.0-pre.19.tgz#0d15e901c30380e93351132be7b6fc35a93a5444"
    dependencies:
      "@polymer/iron-a11y-keys-behavior" "^3.0.0-pre.19"
      "@polymer/iron-fit-behavior" "^3.0.0-pre.19"
      "@polymer/iron-resizable-behavior" "^3.0.0-pre.19"
      "@polymer/polymer" "^3.0.0"
  
  "@polymer/iron-pages@^3.0.0-pre.1":
    version "3.0.0-pre.19"
    resolved "https://registry.yarnpkg.com/@polymer/iron-pages/-/iron-pages-3.0.0-pre.19.tgz#98b00fbda39e06cdaf091a9dd61ef1fc371a4ed6"
    dependencies:
      "@polymer/iron-resizable-behavior" "^3.0.0-pre.19"
      "@polymer/iron-selector" "^3.0.0-pre.19"
      "@polymer/polymer" "^3.0.0"
  
  "@polymer/iron-resizable-behavior@^3.0.0-pre.19":
    version "3.0.0-pre.19"
    resolved "https://registry.yarnpkg.com/@polymer/iron-resizable-behavior/-/iron-resizable-behavior-3.0.0-pre.19.tgz#f36f4a11c48f07c55f4b0a77a9fb7827edf97fef"
    dependencies:
      "@polymer/polymer" "^3.0.0"
  
  "@polymer/iron-scroll-target-behavior@^3.0.0-pre.19":
    version "3.0.0-pre.19"
    resolved "https://registry.yarnpkg.com/@polymer/iron-scroll-target-behavior/-/iron-scroll-target-behavior-3.0.0-pre.19.tgz#4f13b0bd35257a2a4ba94419cc2f9431cd089789"
    dependencies:
      "@polymer/polymer" "^3.0.0"
  
  "@polymer/iron-selector@^3.0.0-pre.19":
    version "3.0.0-pre.19"
    resolved "https://registry.yarnpkg.com/@polymer/iron-selector/-/iron-selector-3.0.0-pre.19.tgz#254156e1284a68db9f45ace6903e846c042f1242"
    dependencies:
      "@polymer/polymer" "^3.0.0"
  
  "@polymer/iron-validatable-behavior@^3.0.0-pre.19":
    version "3.0.0-pre.19"
    resolved "https://registry.yarnpkg.com/@polymer/iron-validatable-behavior/-/iron-validatable-behavior-3.0.0-pre.19.tgz#2168f83466e85a2caa329f0b9db7060d2de38a7d"
    dependencies:
      "@polymer/iron-meta" "^3.0.0-pre.19"
      "@polymer/polymer" "^3.0.0"
  
  "@polymer/neon-animation@^3.0.0-pre.1", "@polymer/neon-animation@^3.0.0-pre.19":
    version "3.0.0-pre.19"
    resolved "https://registry.yarnpkg.com/@polymer/neon-animation/-/neon-animation-3.0.0-pre.19.tgz#0eae03142eb533988bcbd9056d82ed203a77cd8e"
    dependencies:
      "@polymer/iron-resizable-behavior" "^3.0.0-pre.19"
      "@polymer/iron-selector" "^3.0.0-pre.19"
      "@polymer/polymer" "^3.0.0"
  
  "@polymer/paper-behaviors@^3.0.0-pre.19":
    version "3.0.0-pre.19"
    resolved "https://registry.yarnpkg.com/@polymer/paper-behaviors/-/paper-behaviors-3.0.0-pre.19.tgz#02fdf0accf86f3f3836b82e333776ca5e9eeb25a"
    dependencies:
      "@polymer/iron-behaviors" "^3.0.0-pre.19"
      "@polymer/iron-checked-element-behavior" "^3.0.0-pre.19"
      "@polymer/paper-ripple" "^3.0.0-pre.19"
      "@polymer/polymer" "^3.0.0"
  
  "@polymer/paper-button@^3.0.0-pre.1":
    version "3.0.0-pre.19"
    resolved "https://registry.yarnpkg.com/@polymer/paper-button/-/paper-button-3.0.0-pre.19.tgz#4feaa4142419b737a4d2d67809a760000151632a"
    dependencies:
      "@polymer/iron-flex-layout" "^3.0.0-pre.19"
      "@polymer/paper-behaviors" "^3.0.0-pre.19"
      "@polymer/paper-styles" "^3.0.0-pre.19"
      "@polymer/polymer" "^3.0.0"
  
  "@polymer/paper-checkbox@^3.0.0-pre.1":
    version "3.0.0-pre.19"
    resolved "https://registry.yarnpkg.com/@polymer/paper-checkbox/-/paper-checkbox-3.0.0-pre.19.tgz#9472a8dd3289be0fee4b1220d6dd9e031dc9311f"
    dependencies:
      "@polymer/iron-a11y-keys-behavior" "^3.0.0-pre.19"
      "@polymer/iron-checked-element-behavior" "^3.0.0-pre.19"
      "@polymer/paper-behaviors" "^3.0.0-pre.19"
      "@polymer/paper-ripple" "^3.0.0-pre.19"
      "@polymer/paper-styles" "^3.0.0-pre.19"
      "@polymer/polymer" "^3.0.0"
  
  "@polymer/paper-dropdown-menu@^3.0.0-pre.1":
    version "3.0.0-pre.19"
    resolved "https://registry.yarnpkg.com/@polymer/paper-dropdown-menu/-/paper-dropdown-menu-3.0.0-pre.19.tgz#29342cddc6d633d6c3837163d8a5f3fad7b768f3"
    dependencies:
      "@polymer/iron-a11y-keys-behavior" "^3.0.0-pre.19"
      "@polymer/iron-form-element-behavior" "^3.0.0-pre.19"
      "@polymer/iron-icon" "^3.0.0-pre.19"
      "@polymer/iron-iconset-svg" "^3.0.0-pre.19"
      "@polymer/iron-validatable-behavior" "^3.0.0-pre.19"
      "@polymer/paper-behaviors" "^3.0.0-pre.19"
      "@polymer/paper-input" "^3.0.0-pre.19"
      "@polymer/paper-menu-button" "^3.0.0-pre.19"
      "@polymer/paper-ripple" "^3.0.0-pre.19"
      "@polymer/paper-styles" "^3.0.0-pre.19"
      "@polymer/polymer" "^3.0.0"
  
  "@polymer/paper-fab@^3.0.0-pre.1":
    version "3.0.0-pre.19"
    resolved "https://registry.yarnpkg.com/@polymer/paper-fab/-/paper-fab-3.0.0-pre.19.tgz#383e4d70ca1ff3da67c94a293dfa959148205456"
    dependencies:
      "@polymer/iron-flex-layout" "^3.0.0-pre.19"
      "@polymer/iron-icon" "^3.0.0-pre.19"
      "@polymer/paper-behaviors" "^3.0.0-pre.19"
      "@polymer/paper-styles" "^3.0.0-pre.19"
      "@polymer/polymer" "^3.0.0"
  
  "@polymer/paper-icon-button@^3.0.0-pre.1", "@polymer/paper-icon-button@^3.0.0-pre.19":
    version "3.0.0-pre.19"
    resolved "https://registry.yarnpkg.com/@polymer/paper-icon-button/-/paper-icon-button-3.0.0-pre.19.tgz#e478b5838363285394c3c1a3addd72d3bb1d789b"
    dependencies:
      "@polymer/iron-icon" "^3.0.0-pre.19"
      "@polymer/paper-behaviors" "^3.0.0-pre.19"
      "@polymer/paper-styles" "^3.0.0-pre.19"
      "@polymer/polymer" "^3.0.0"
  
  "@polymer/paper-input@^3.0.0-pre.19":
    version "3.0.0-pre.19"
    resolved "https://registry.yarnpkg.com/@polymer/paper-input/-/paper-input-3.0.0-pre.19.tgz#d7322b6773db71fb1019a217ed9b566abb908030"
    dependencies:
      "@polymer/iron-a11y-keys-behavior" "^3.0.0-pre.19"
      "@polymer/iron-autogrow-textarea" "^3.0.0-pre.19"
      "@polymer/iron-behaviors" "^3.0.0-pre.19"
      "@polymer/iron-form-element-behavior" "^3.0.0-pre.19"
      "@polymer/iron-input" "^3.0.0-pre.19"
      "@polymer/paper-styles" "^3.0.0-pre.19"
      "@polymer/polymer" "^3.0.0"
  
  "@polymer/paper-item@^3.0.0-pre.1":
    version "3.0.0-pre.19"
    resolved "https://registry.yarnpkg.com/@polymer/paper-item/-/paper-item-3.0.0-pre.19.tgz#102618a09c860e87ea994340c19b0af7d239e5bb"
    dependencies:
      "@polymer/iron-behaviors" "^3.0.0-pre.19"
      "@polymer/iron-flex-layout" "^3.0.0-pre.19"
      "@polymer/paper-styles" "^3.0.0-pre.19"
      "@polymer/polymer" "^3.0.0"
  
  "@polymer/paper-listbox@^3.0.0-pre.1":
    version "3.0.0-pre.19"
    resolved "https://registry.yarnpkg.com/@polymer/paper-listbox/-/paper-listbox-3.0.0-pre.19.tgz#5fbd0bdbffb36ce3c4cd9a1a88fc2520aceabb1b"
    dependencies:
      "@polymer/iron-behaviors" "^3.0.0-pre.19"
      "@polymer/iron-menu-behavior" "^3.0.0-pre.19"
      "@polymer/paper-styles" "^3.0.0-pre.19"
      "@polymer/polymer" "^3.0.0"
  
  "@polymer/paper-material@^3.0.0-pre.1":
    version "3.0.0-pre.19"
    resolved "https://registry.yarnpkg.com/@polymer/paper-material/-/paper-material-3.0.0-pre.19.tgz#93cfc099a6f3c4f30615849c81e4965c08262ce0"
    dependencies:
      "@polymer/paper-styles" "^3.0.0-pre.19"
      "@polymer/polymer" "^3.0.0"
  
  "@polymer/paper-menu-button@^3.0.0-pre.19":
    version "3.0.0-pre.19"
    resolved "https://registry.yarnpkg.com/@polymer/paper-menu-button/-/paper-menu-button-3.0.0-pre.19.tgz#92402c4da6fe4fe31295e8de19c71ff39ad2a824"
    dependencies:
      "@polymer/iron-a11y-keys-behavior" "^3.0.0-pre.19"
      "@polymer/iron-behaviors" "^3.0.0-pre.19"
      "@polymer/iron-dropdown" "^3.0.0-pre.19"
      "@polymer/iron-fit-behavior" "^3.0.0-pre.19"
      "@polymer/neon-animation" "^3.0.0-pre.19"
      "@polymer/paper-styles" "^3.0.0-pre.19"
      "@polymer/polymer" "^3.0.0"
  
  "@polymer/paper-ripple@^3.0.0-pre.19":
    version "3.0.0-pre.19"
    resolved "https://registry.yarnpkg.com/@polymer/paper-ripple/-/paper-ripple-3.0.0-pre.19.tgz#9e72d59d07c954a0e3de70b44a12c66a508b80ee"
    dependencies:
      "@polymer/iron-a11y-keys-behavior" "^3.0.0-pre.19"
      "@polymer/polymer" "^3.0.0"
  
  "@polymer/paper-styles@^3.0.0-pre.19":
    version "3.0.0-pre.19"
    resolved "https://registry.yarnpkg.com/@polymer/paper-styles/-/paper-styles-3.0.0-pre.19.tgz#72ba066b0de9153d835639ebe63ce2afbe5425b0"
    dependencies:
      "@polymer/font-roboto" "^3.0.0-pre.19"
      "@polymer/iron-flex-layout" "^3.0.0-pre.19"
      "@polymer/polymer" "^3.0.0"
  
  "@polymer/paper-tabs@^3.0.0-pre.1":
    version "3.0.0-pre.19"
    resolved "https://registry.yarnpkg.com/@polymer/paper-tabs/-/paper-tabs-3.0.0-pre.19.tgz#c758179061d713d830b4d77e2b5fa640508b2a18"
    dependencies:
      "@polymer/iron-behaviors" "^3.0.0-pre.19"
      "@polymer/iron-flex-layout" "^3.0.0-pre.19"
      "@polymer/iron-icon" "^3.0.0-pre.19"
      "@polymer/iron-iconset-svg" "^3.0.0-pre.19"
      "@polymer/iron-menu-behavior" "^3.0.0-pre.19"
      "@polymer/iron-resizable-behavior" "^3.0.0-pre.19"
      "@polymer/paper-behaviors" "^3.0.0-pre.19"
      "@polymer/paper-icon-button" "^3.0.0-pre.19"
      "@polymer/paper-styles" "^3.0.0-pre.19"
      "@polymer/polymer" "^3.0.0"
  
  "@polymer/paper-toast@^3.0.0-pre.1":
    version "3.0.0-pre.19"
    resolved "https://registry.yarnpkg.com/@polymer/paper-toast/-/paper-toast-3.0.0-pre.19.tgz#0fe640e3bd33a82b93f454e1d85755937ee04b9a"
    dependencies:
      "@polymer/iron-a11y-announcer" "^3.0.0-pre.19"
      "@polymer/iron-fit-behavior" "^3.0.0-pre.19"
      "@polymer/iron-overlay-behavior" "^3.0.0-pre.19"
      "@polymer/polymer" "^3.0.0"
  
  "@polymer/paper-toggle-button@^3.0.0-pre.1":
    version "3.0.0-pre.19"
    resolved "https://registry.yarnpkg.com/@polymer/paper-toggle-button/-/paper-toggle-button-3.0.0-pre.19.tgz#6b95616fd1b1a0c66be1c4fb81ac57b26390ff84"
    dependencies:
      "@polymer/iron-checked-element-behavior" "^3.0.0-pre.19"
      "@polymer/paper-behaviors" "^3.0.0-pre.19"
      "@polymer/paper-styles" "^3.0.0-pre.19"
      "@polymer/polymer" "^3.0.0"
  
  "@polymer/polymer@^3.0.0", "@polymer/polymer@^3.0.0-pre.1":
    version "3.0.2"
    resolved "https://registry.yarnpkg.com/@polymer/polymer/-/polymer-3.0.2.tgz#626e6f9fae9716b0962ce0211e21df242153eab2"
    dependencies:
      "@webcomponents/shadycss" "^1.2.0"
  
  "@webcomponents/shadycss@^1.2.0":
    version "1.2.1"
    resolved "https://registry.yarnpkg.com/@webcomponents/shadycss/-/shadycss-1.2.1.tgz#6e4a88534657807c8398b4bc196d0ca492182d54"

Trace: 
  SyntaxError: /home/dominic/Code/fh_stundenplan_web-app/package.json: Unexpected token } in JSON at position 1121
      at JSON.parse (<anonymous>)
      at /usr/lib/node_modules/yarn/lib/cli.js:770:59
      at Generator.next (<anonymous>)
      at step (/usr/lib/node_modules/yarn/lib/cli.js:92:30)
      at /usr/lib/node_modules/yarn/lib/cli.js:103:13
